GCASM List File (GCBASIC 0.94 2015-10-27)

Symbols:
-X 	EQU 	30
-Y 	EQU 	26
-Z 	EQU 	18
ACBG 	EQU 	6
ACD 	EQU 	7
ACI 	EQU 	4
ACIC 	EQU 	2
ACIE 	EQU 	3
ACIS0 	EQU 	0
ACIS1 	EQU 	1
ACME 	EQU 	6
ACO 	EQU 	5
ACSR 	EQU 	48
ADATE 	EQU 	5
ADC0D 	EQU 	0
ADC1D 	EQU 	1
ADC2D 	EQU 	2
ADC3D 	EQU 	3
ADC4D 	EQU 	4
ADC5D 	EQU 	5
ADCH 	EQU 	121
ADCH0 	EQU 	0
ADCH1 	EQU 	1
ADCH2 	EQU 	2
ADCH3 	EQU 	3
ADCH4 	EQU 	4
ADCH5 	EQU 	5
ADCH6 	EQU 	6
ADCH7 	EQU 	7
ADCL 	EQU 	120
ADCL0 	EQU 	0
ADCL1 	EQU 	1
ADCL2 	EQU 	2
ADCL3 	EQU 	3
ADCL4 	EQU 	4
ADCL5 	EQU 	5
ADCL6 	EQU 	6
ADCL7 	EQU 	7
ADCSRA 	EQU 	122
ADCSRB 	EQU 	123
ADEN 	EQU 	7
ADIE 	EQU 	3
ADIF 	EQU 	4
ADLAR 	EQU 	5
ADMUX 	EQU 	124
ADPS0 	EQU 	0
ADPS1 	EQU 	1
ADPS2 	EQU 	2
ADSC 	EQU 	6
ADTS0 	EQU 	0
ADTS1 	EQU 	1
ADTS2 	EQU 	2
AIN0D 	EQU 	0
AIN1D 	EQU 	1
AS2 	EQU 	5
ASSR 	EQU 	182
BASPROGRAMEND 	EQU 	96
BASPROGRAMSTART 	EQU 	53
BLBSET 	EQU 	3
BODS 	EQU 	6
BODSE 	EQU 	5
BORF 	EQU 	2
C 	EQU 	0
CAL0 	EQU 	0
CAL1 	EQU 	1
CAL2 	EQU 	2
CAL3 	EQU 	3
CAL4 	EQU 	4
CAL5 	EQU 	5
CAL6 	EQU 	6
CAL7 	EQU 	7
CLKPCE 	EQU 	7
CLKPR 	EQU 	97
CLKPS0 	EQU 	0
CLKPS1 	EQU 	1
CLKPS2 	EQU 	2
CLKPS3 	EQU 	3
COM0A0 	EQU 	6
COM0A1 	EQU 	7
COM0B0 	EQU 	4
COM0B1 	EQU 	5
COM1A0 	EQU 	6
COM1A1 	EQU 	7
COM1B0 	EQU 	4
COM1B1 	EQU 	5
COM2A0 	EQU 	6
COM2A1 	EQU 	7
COM2B0 	EQU 	4
COM2B1 	EQU 	5
CONT_LTASK5 	EQU 	265
CONT_LTASK5_H 	EQU 	266
CONT_TASK1 	EQU 	267
CONT_TASK2 	EQU 	268
CPHA 	EQU 	2
CPOL 	EQU 	3
CS00 	EQU 	0
CS01 	EQU 	1
CS02 	EQU 	2
CS10 	EQU 	0
CS11 	EQU 	1
CS12 	EQU 	2
CS20 	EQU 	0
CS21 	EQU 	1
CS22 	EQU 	2
DDB0 	EQU 	0
DDB1 	EQU 	1
DDB2 	EQU 	2
DDB3 	EQU 	3
DDB4 	EQU 	4
DDB5 	EQU 	5
DDB6 	EQU 	6
DDB7 	EQU 	7
DDC0 	EQU 	0
DDC1 	EQU 	1
DDC2 	EQU 	2
DDC3 	EQU 	3
DDC4 	EQU 	4
DDC5 	EQU 	5
DDC6 	EQU 	6
DDD0 	EQU 	0
DDD1 	EQU 	1
DDD2 	EQU 	2
DDD3 	EQU 	3
DDD4 	EQU 	4
DDD5 	EQU 	5
DDD6 	EQU 	6
DDD7 	EQU 	7
DDRB 	EQU 	4
DDRC 	EQU 	7
DDRD 	EQU 	10
DELAYTEMP 	EQU 	r25
DELAYTEMP2 	EQU 	r26
DELAY_MS 	EQU 	98
DIDR0 	EQU 	126
DIDR1 	EQU 	127
DIV8NOTNEG 	EQU 	545
DMS_INNER 	EQU 	101
DMS_OUTER 	EQU 	100
DMS_START 	EQU 	99
DOR0 	EQU 	3
DORD 	EQU 	5
DUTY1 	EQU 	269
DUTY2 	EQU 	270
DUTY3 	EQU 	271
EEAR0 	EQU 	0
EEAR1 	EQU 	1
EEAR2 	EQU 	2
EEAR3 	EQU 	3
EEAR4 	EQU 	4
EEAR5 	EQU 	5
EEAR6 	EQU 	6
EEAR7 	EQU 	7
EEAR8 	EQU 	0
EEAR9 	EQU 	1
EEARH 	EQU 	34
EEARL 	EQU 	33
EECR 	EQU 	31
EEDR 	EQU 	32
EEDR0 	EQU 	0
EEDR1 	EQU 	1
EEDR2 	EQU 	2
EEDR3 	EQU 	3
EEDR4 	EQU 	4
EEDR5 	EQU 	5
EEDR6 	EQU 	6
EEDR7 	EQU 	7
EEMPE 	EQU 	2
EEPE 	EQU 	1
EEPM0 	EQU 	4
EEPM1 	EQU 	5
EERE 	EQU 	0
EERIE 	EQU 	3
EICRA 	EQU 	105
EIFR 	EQU 	28
EIMSK 	EQU 	29
ENDIF1 	EQU 	268
ENDIF10 	EQU 	246
ENDIF11 	EQU 	257
ENDIF12 	EQU 	268
ENDIF14 	EQU 	431
ENDIF15 	EQU 	450
ENDIF2 	EQU 	340
ENDIF3 	EQU 	450
ENDIF4 	EQU 	177
ENDIF5 	EQU 	191
ENDIF6 	EQU 	202
ENDIF7 	EQU 	213
ENDIF8 	EQU 	224
ENDIF9 	EQU 	235
EXCLK 	EQU 	6
EXTRF 	EQU 	1
FE0 	EQU 	4
FN_RANDOM 	EQU 	455
FOC0A 	EQU 	7
FOC0B 	EQU 	6
FOC1A 	EQU 	7
FOC1B 	EQU 	6
FOC2A 	EQU 	7
FOC2B 	EQU 	6
GPIOR0 	EQU 	30
GPIOR00 	EQU 	0
GPIOR01 	EQU 	1
GPIOR02 	EQU 	2
GPIOR03 	EQU 	3
GPIOR04 	EQU 	4
GPIOR05 	EQU 	5
GPIOR06 	EQU 	6
GPIOR07 	EQU 	7
GPIOR1 	EQU 	42
GPIOR10 	EQU 	0
GPIOR11 	EQU 	1
GPIOR12 	EQU 	2
GPIOR13 	EQU 	3
GPIOR14 	EQU 	4
GPIOR15 	EQU 	5
GPIOR16 	EQU 	6
GPIOR17 	EQU 	7
GPIOR2 	EQU 	43
GPIOR20 	EQU 	0
GPIOR21 	EQU 	1
GPIOR22 	EQU 	2
GPIOR23 	EQU 	3
GPIOR24 	EQU 	4
GPIOR25 	EQU 	5
GPIOR26 	EQU 	6
GPIOR27 	EQU 	7
GTCCR 	EQU 	35
H 	EQU 	5
I 	EQU 	7
ICES1 	EQU 	6
ICF1 	EQU 	5
ICIE1 	EQU 	5
ICNC1 	EQU 	7
ICR1H 	EQU 	135
ICR1H0 	EQU 	0
ICR1H1 	EQU 	1
ICR1H2 	EQU 	2
ICR1H3 	EQU 	3
ICR1H4 	EQU 	4
ICR1H5 	EQU 	5
ICR1H6 	EQU 	6
ICR1H7 	EQU 	7
ICR1L 	EQU 	134
ICR1L0 	EQU 	0
ICR1L1 	EQU 	1
ICR1L2 	EQU 	2
ICR1L3 	EQU 	3
ICR1L4 	EQU 	4
ICR1L5 	EQU 	5
ICR1L6 	EQU 	6
ICR1L7 	EQU 	7
INITRANDOM 	EQU 	110
INITSYS 	EQU 	117
INIT_MULTITASK 	EQU 	124
INIT_REST_OF_TASKS 	EQU 	139
INT0 	EQU 	0
INT1 	EQU 	1
INTERR_TIMER0 	EQU 	149
INTF0 	EQU 	0
INTF1 	EQU 	1
INTTIMER0_COMPA 	EQU 	451
ISC00 	EQU 	0
ISC01 	EQU 	1
ISC10 	EQU 	2
ISC11 	EQU 	3
IVCE 	EQU 	0
IVSEL 	EQU 	1
MCUCR 	EQU 	53
MCUSR 	EQU 	52
MPCM0 	EQU 	0
MSTR 	EQU 	4
MUX0 	EQU 	0
MUX1 	EQU 	1
MUX2 	EQU 	2
MUX3 	EQU 	3
N 	EQU 	2
OCF0A 	EQU 	1
OCF0B 	EQU 	2
OCF1A 	EQU 	1
OCF1B 	EQU 	2
OCF2A 	EQU 	1
OCF2B 	EQU 	2
OCIE0A 	EQU 	1
OCIE0B 	EQU 	2
OCIE1A 	EQU 	1
OCIE1B 	EQU 	2
OCIE2A 	EQU 	1
OCIE2B 	EQU 	2
OCR0A 	EQU 	39
OCR0B 	EQU 	40
OCR0B_0 	EQU 	0
OCR0B_1 	EQU 	1
OCR0B_2 	EQU 	2
OCR0B_3 	EQU 	3
OCR0B_4 	EQU 	4
OCR0B_5 	EQU 	5
OCR0B_6 	EQU 	6
OCR0B_7 	EQU 	7
OCR1AH 	EQU 	137
OCR1AH0 	EQU 	0
OCR1AH1 	EQU 	1
OCR1AH2 	EQU 	2
OCR1AH3 	EQU 	3
OCR1AH4 	EQU 	4
OCR1AH5 	EQU 	5
OCR1AH6 	EQU 	6
OCR1AH7 	EQU 	7
OCR1AL 	EQU 	136
OCR1AL0 	EQU 	0
OCR1AL1 	EQU 	1
OCR1AL2 	EQU 	2
OCR1AL3 	EQU 	3
OCR1AL4 	EQU 	4
OCR1AL5 	EQU 	5
OCR1AL6 	EQU 	6
OCR1AL7 	EQU 	7
OCR1BH 	EQU 	139
OCR1BH0 	EQU 	0
OCR1BH1 	EQU 	1
OCR1BH2 	EQU 	2
OCR1BH3 	EQU 	3
OCR1BH4 	EQU 	4
OCR1BH5 	EQU 	5
OCR1BH6 	EQU 	6
OCR1BH7 	EQU 	7
OCR1BL 	EQU 	138
OCR1BL0 	EQU 	0
OCR1BL1 	EQU 	1
OCR1BL2 	EQU 	2
OCR1BL3 	EQU 	3
OCR1BL4 	EQU 	4
OCR1BL5 	EQU 	5
OCR1BL6 	EQU 	6
OCR1BL7 	EQU 	7
OCR2A 	EQU 	179
OCR2AUB 	EQU 	3
OCR2A_0 	EQU 	0
OCR2A_1 	EQU 	1
OCR2A_2 	EQU 	2
OCR2A_3 	EQU 	3
OCR2A_4 	EQU 	4
OCR2A_5 	EQU 	5
OCR2A_6 	EQU 	6
OCR2A_7 	EQU 	7
OCR2B 	EQU 	180
OCR2BUB 	EQU 	2
OCR2B_0 	EQU 	0
OCR2B_1 	EQU 	1
OCR2B_2 	EQU 	2
OCR2B_3 	EQU 	3
OCR2B_4 	EQU 	4
OCR2B_5 	EQU 	5
OCR2B_6 	EQU 	6
OCR2B_7 	EQU 	7
OCROA_0 	EQU 	0
OCROA_1 	EQU 	1
OCROA_2 	EQU 	2
OCROA_3 	EQU 	3
OCROA_4 	EQU 	4
OCROA_5 	EQU 	5
OCROA_6 	EQU 	6
OCROA_7 	EQU 	7
OSCCAL 	EQU 	102
OUTBIT 	EQU 	272
PCICR 	EQU 	104
PCIE0 	EQU 	0
PCIE1 	EQU 	1
PCIE2 	EQU 	2
PCIF0 	EQU 	0
PCIF1 	EQU 	1
PCIF2 	EQU 	2
PCIFR 	EQU 	27
PCINT0 	EQU 	0
PCINT1 	EQU 	1
PCINT10 	EQU 	2
PCINT11 	EQU 	3
PCINT12 	EQU 	4
PCINT13 	EQU 	5
PCINT14 	EQU 	6
PCINT16 	EQU 	0
PCINT17 	EQU 	1
PCINT18 	EQU 	2
PCINT19 	EQU 	3
PCINT2 	EQU 	2
PCINT20 	EQU 	4
PCINT21 	EQU 	5
PCINT22 	EQU 	6
PCINT23 	EQU 	7
PCINT3 	EQU 	3
PCINT4 	EQU 	4
PCINT5 	EQU 	5
PCINT6 	EQU 	6
PCINT7 	EQU 	7
PCINT8 	EQU 	0
PCINT9 	EQU 	1
PCMSK0 	EQU 	107
PCMSK1 	EQU 	108
PCMSK2 	EQU 	109
PGERS 	EQU 	1
PGWRT 	EQU 	2
PINB 	EQU 	3
PINB0 	EQU 	0
PINB1 	EQU 	1
PINB2 	EQU 	2
PINB3 	EQU 	3
PINB4 	EQU 	4
PINB5 	EQU 	5
PINB6 	EQU 	6
PINB7 	EQU 	7
PINC 	EQU 	6
PINC0 	EQU 	0
PINC1 	EQU 	1
PINC2 	EQU 	2
PINC3 	EQU 	3
PINC4 	EQU 	4
PINC5 	EQU 	5
PINC6 	EQU 	6
PIND 	EQU 	9
PIND0 	EQU 	0
PIND1 	EQU 	1
PIND2 	EQU 	2
PIND3 	EQU 	3
PIND4 	EQU 	4
PIND5 	EQU 	5
PIND6 	EQU 	6
PIND7 	EQU 	7
PORF 	EQU 	0
PORTB 	EQU 	5
PORTB0 	EQU 	0
PORTB1 	EQU 	1
PORTB2 	EQU 	2
PORTB3 	EQU 	3
PORTB4 	EQU 	4
PORTB5 	EQU 	5
PORTB6 	EQU 	6
PORTB7 	EQU 	7
PORTC 	EQU 	8
PORTC0 	EQU 	0
PORTC1 	EQU 	1
PORTC2 	EQU 	2
PORTC3 	EQU 	3
PORTC4 	EQU 	4
PORTC5 	EQU 	5
PORTC6 	EQU 	6
PORTD 	EQU 	11
PORTD0 	EQU 	0
PORTD1 	EQU 	1
PORTD2 	EQU 	2
PORTD3 	EQU 	3
PORTD4 	EQU 	4
PORTD5 	EQU 	5
PORTD6 	EQU 	6
PORTD7 	EQU 	7
PRADC 	EQU 	0
PREOUTBIT 	EQU 	273
PRR 	EQU 	100
PRSPI 	EQU 	2
PRTIM0 	EQU 	5
PRTIM1 	EQU 	3
PRTIM2 	EQU 	6
PRTWI 	EQU 	7
PRUSART0 	EQU 	1
PSRASY 	EQU 	1
PSRSYNC 	EQU 	0
PUD 	EQU 	4
PWMCONT 	EQU 	274
PWMDUTY1 	EQU 	275
RAMEND 	EQU 	2303
RANDOM 	EQU 	276
RANDOMSEED 	EQU 	277
RANDOMSEED_H 	EQU 	278
RANDOMTEMP 	EQU 	280
RANDOMTEMP_H 	EQU 	281
REFS0 	EQU 	6
REFS1 	EQU 	7
REGSER1 	EQU 	282
RWWSB 	EQU 	6
RWWSRE 	EQU 	4
RXB80 	EQU 	1
RXC0 	EQU 	7
RXCIE0 	EQU 	7
RXEN0 	EQU 	4
S 	EQU 	4
SAVESREG 	EQU 	283
SAVESYSBYTETEMPX 	EQU 	284
SAVESYSCALCTEMPA 	EQU 	285
SAVESYSCALCTEMPB 	EQU 	286
SAVESYSSTRINGA 	EQU 	287
SAVESYSSTRINGA_H 	EQU 	288
SAVESYSTEMP1 	EQU 	289
SAVESYSTEMP2 	EQU 	290
SAVESYSTEMP3 	EQU 	291
SAVESYSVALUECOPY 	EQU 	292
SAVESYSWORDTEMPA_H 	EQU 	293
SAVESYSWORDTEMPB_H 	EQU 	294
SCLT16FALSE 	EQU 	534
SCLT16TRUE 	EQU 	533
SE 	EQU 	0
SELFPRGEN 	EQU 	0
SM0 	EQU 	1
SM1 	EQU 	2
SM2 	EQU 	3
SMCR 	EQU 	51
SP0 	EQU 	0
SP1 	EQU 	1
SP10 	EQU 	2
SP11 	EQU 	3
SP2 	EQU 	2
SP3 	EQU 	3
SP4 	EQU 	4
SP5 	EQU 	5
SP6 	EQU 	6
SP7 	EQU 	7
SP8 	EQU 	0
SP9 	EQU 	1
SPCR 	EQU 	44
SPDR 	EQU 	46
SPDR0 	EQU 	0
SPDR1 	EQU 	1
SPDR2 	EQU 	2
SPDR3 	EQU 	3
SPDR4 	EQU 	4
SPDR5 	EQU 	5
SPDR6 	EQU 	6
SPDR7 	EQU 	7
SPE 	EQU 	6
SPH 	EQU 	62
SPI2X 	EQU 	0
SPIE 	EQU 	7
SPIF 	EQU 	7
SPL 	EQU 	61
SPMCSR 	EQU 	55
SPMIE 	EQU 	7
SPR0 	EQU 	0
SPR1 	EQU 	1
SPSR 	EQU 	45
SREG 	EQU 	63
SYSARRAYTEMP1 	EQU 	295
SYSARRAYTEMP2 	EQU 	296
SYSCOMPLESSTHAN16 	EQU 	525
SYSDIV8START 	EQU 	538
SYSDIVSUB 	EQU 	535
SYSDOLOOP_E1 	EQU 	95
SYSDOLOOP_S1 	EQU 	70
SYSFORLOOP1 	EQU 	371
SYSFORLOOPEND1 	EQU 	408
SYSINTCONTEXTRESTORE 	EQU 	548
SYSINTCONTEXTSAVE 	EQU 	577
SYSINTOFFCOUNT 	EQU 	297
SYSPOINTERX 	EQU 	298
SYSREPEATLOOP1 	EQU 	458
SYSREPEATLOOPEND1 	EQU 	524
SYSREPEATTEMP1 	EQU 	299
SYS_PWMDUTY1_0 	EQU 	256
SYS_PWMDUTY1_0 	EQU 	256
SYS_PWMDUTY1_1 	EQU 	257
SYS_PWMDUTY1_1 	EQU 	257
SYS_PWMDUTY1_2 	EQU 	258
SYS_PWMDUTY1_2 	EQU 	258
SYS_PWMDUTY1_3 	EQU 	259
SYS_PWMDUTY1_3 	EQU 	259
SYS_PWMDUTY1_4 	EQU 	260
SYS_PWMDUTY1_4 	EQU 	260
SYS_PWMDUTY1_5 	EQU 	261
SYS_PWMDUTY1_5 	EQU 	261
SYS_PWMDUTY1_6 	EQU 	262
SYS_PWMDUTY1_6 	EQU 	262
SYS_PWMDUTY1_7 	EQU 	263
SYS_PWMDUTY1_7 	EQU 	263
SysBYTETempA 	EQU 	r22
SysBYTETempB 	EQU 	r28
SysBYTETempX 	EQU 	r0
SysBitTest 	EQU 	r5
SysCalcTempA 	EQU 	r22
SysCalcTempB 	EQU 	r28
SysDivLoop 	EQU 	r5
SysStringA 	EQU 	r26
SysStringA_H 	EQU 	r27
SysTemp1 	EQU 	r1
SysTemp1_H 	EQU 	r2
SysTemp2 	EQU 	r16
SysTemp2_H 	EQU 	r17
SysTemp3 	EQU 	r18
SysValueCopy 	EQU 	r21
SysWORDTempA 	EQU 	r22
SysWORDTempA_H 	EQU 	r23
SysWORDTempB 	EQU 	r28
SysWORDTempB_H 	EQU 	r29
SysWaitTempMS 	EQU 	r29
SysWaitTempMS_H 	EQU 	r30
T 	EQU 	6
TCCR0A 	EQU 	36
TCCR0B 	EQU 	37
TCCR1A 	EQU 	128
TCCR1B 	EQU 	129
TCCR1C 	EQU 	130
TCCR2A 	EQU 	176
TCCR2B 	EQU 	177
TCN2UB 	EQU 	4
TCNT0 	EQU 	38
TCNT0_0 	EQU 	0
TCNT0_1 	EQU 	1
TCNT0_2 	EQU 	2
TCNT0_3 	EQU 	3
TCNT0_4 	EQU 	4
TCNT0_5 	EQU 	5
TCNT0_6 	EQU 	6
TCNT0_7 	EQU 	7
TCNT1H 	EQU 	133
TCNT1H0 	EQU 	0
TCNT1H1 	EQU 	1
TCNT1H2 	EQU 	2
TCNT1H3 	EQU 	3
TCNT1H4 	EQU 	4
TCNT1H5 	EQU 	5
TCNT1H6 	EQU 	6
TCNT1H7 	EQU 	7
TCNT1L 	EQU 	132
TCNT1L0 	EQU 	0
TCNT1L1 	EQU 	1
TCNT1L2 	EQU 	2
TCNT1L3 	EQU 	3
TCNT1L4 	EQU 	4
TCNT1L5 	EQU 	5
TCNT1L6 	EQU 	6
TCNT1L7 	EQU 	7
TCNT2 	EQU 	178
TCNT2_0 	EQU 	0
TCNT2_1 	EQU 	1
TCNT2_2 	EQU 	2
TCNT2_3 	EQU 	3
TCNT2_4 	EQU 	4
TCNT2_5 	EQU 	5
TCNT2_6 	EQU 	6
TCNT2_7 	EQU 	7
TCR2AUB 	EQU 	1
TCR2BUB 	EQU 	0
TIFR0 	EQU 	21
TIFR1 	EQU 	22
TIFR2 	EQU 	23
TIME_LTASK5 	EQU 	300
TIME_LTASK5_H 	EQU 	301
TIME_TASK1 	EQU 	302
TIME_TASK2 	EQU 	303
TIMSK0 	EQU 	110
TIMSK1 	EQU 	111
TIMSK2 	EQU 	112
TOIE0 	EQU 	0
TOIE1 	EQU 	0
TOIE2 	EQU 	0
TOV0 	EQU 	0
TOV1 	EQU 	0
TOV2 	EQU 	0
TSM 	EQU 	7
TWA0 	EQU 	1
TWA1 	EQU 	2
TWA2 	EQU 	3
TWA3 	EQU 	4
TWA4 	EQU 	5
TWA5 	EQU 	6
TWA6 	EQU 	7
TWAM0 	EQU 	1
TWAM1 	EQU 	2
TWAM2 	EQU 	3
TWAM3 	EQU 	4
TWAM4 	EQU 	5
TWAM5 	EQU 	6
TWAM6 	EQU 	7
TWAMR 	EQU 	189
TWAR 	EQU 	186
TWBR 	EQU 	184
TWBR0 	EQU 	0
TWBR1 	EQU 	1
TWBR2 	EQU 	2
TWBR3 	EQU 	3
TWBR4 	EQU 	4
TWBR5 	EQU 	5
TWBR6 	EQU 	6
TWBR7 	EQU 	7
TWCR 	EQU 	188
TWD0 	EQU 	0
TWD1 	EQU 	1
TWD2 	EQU 	2
TWD3 	EQU 	3
TWD4 	EQU 	4
TWD5 	EQU 	5
TWD6 	EQU 	6
TWD7 	EQU 	7
TWDR 	EQU 	187
TWEA 	EQU 	6
TWEN 	EQU 	2
TWGCE 	EQU 	0
TWIE 	EQU 	0
TWINT 	EQU 	7
TWPS0 	EQU 	0
TWPS1 	EQU 	1
TWS3 	EQU 	3
TWS4 	EQU 	4
TWS5 	EQU 	5
TWS6 	EQU 	6
TWS7 	EQU 	7
TWSR 	EQU 	185
TWSTA 	EQU 	5
TWSTO 	EQU 	4
TWWC 	EQU 	3
TXB80 	EQU 	0
TXC0 	EQU 	6
TXCIE0 	EQU 	6
TXEN0 	EQU 	3
U2X0 	EQU 	1
UBRR0 	EQU 	0
UBRR0H 	EQU 	197
UBRR0L 	EQU 	196
UBRR1 	EQU 	1
UBRR10 	EQU 	2
UBRR11 	EQU 	3
UBRR2 	EQU 	2
UBRR3 	EQU 	3
UBRR4 	EQU 	4
UBRR5 	EQU 	5
UBRR6 	EQU 	6
UBRR7 	EQU 	7
UBRR8 	EQU 	0
UBRR9 	EQU 	1
UCPOL0 	EQU 	0
UCSR0A 	EQU 	192
UCSR0B 	EQU 	193
UCSR0C 	EQU 	194
UCSZ00 	EQU 	1
UCSZ01 	EQU 	2
UCSZ02 	EQU 	2
UDR0 	EQU 	198
UDR0-0 	EQU 	0
UDR0-1 	EQU 	1
UDR0-2 	EQU 	2
UDR0-3 	EQU 	3
UDR0-4 	EQU 	4
UDR0-5 	EQU 	5
UDR0-6 	EQU 	6
UDR0-7 	EQU 	7
UDRE0 	EQU 	5
UDRIE0 	EQU 	5
UMSEL00 	EQU 	6
UMSEL01 	EQU 	7
UPE0 	EQU 	2
UPM00 	EQU 	4
UPM01 	EQU 	5
USBS0 	EQU 	3
V 	EQU 	3
WCOL 	EQU 	6
WDCE 	EQU 	4
WDE 	EQU 	3
WDIE 	EQU 	6
WDIF 	EQU 	7
WDP0 	EQU 	0
WDP1 	EQU 	1
WDP2 	EQU 	2
WDP3 	EQU 	5
WDRF 	EQU 	3
WDTCSR 	EQU 	96
WGM00 	EQU 	0
WGM01 	EQU 	1
WGM02 	EQU 	3
WGM10 	EQU 	0
WGM11 	EQU 	1
WGM12 	EQU 	3
WGM13 	EQU 	4
WGM20 	EQU 	0
WGM21 	EQU 	1
WGM22 	EQU 	3
X 	EQU 	28
X+ 	EQU 	29
Y 	EQU 	8
Y+ 	EQU 	25
Z 	EQU 	1
Z+ 	EQU 	17
_PWMDUTY1 	EQU 	256
rZ 	EQU 	0

Code:
Loc	Obj Code	Original Assembly
000000	0000	NOP
000001	C033	RJMP BASPROGRAMSTART
000002	0000	NOP
000003	9518	RETI
000004	0000	NOP
000005	9518	RETI
000006	0000	NOP
000007	9518	RETI
000008	0000	NOP
000009	9518	RETI
00000A	0000	NOP
00000B	9518	RETI
00000C	0000	NOP
00000D	9518	RETI
00000E	0000	NOP
00000F	9518	RETI
000010	0000	NOP
000011	9518	RETI
000012	0000	NOP
000013	9518	RETI
000014	0000	NOP
000015	9518	RETI
000016	0000	NOP
000017	9518	RETI
000018	0000	NOP
000019	9518	RETI
00001A	0000	NOP
00001B	9518	RETI
00001C	0000	NOP
00001D	C1A5	RJMP INTTIMER0_COMPA
00001E	0000	NOP
00001F	9518	RETI
000020	0000	NOP
000021	9518	RETI
000022	0000	NOP
000023	9518	RETI
000024	0000	NOP
000025	9518	RETI
000026	0000	NOP
000027	9518	RETI
000028	0000	NOP
000029	9518	RETI
00002A	0000	NOP
00002B	9518	RETI
00002C	0000	NOP
00002D	9518	RETI
00002E	0000	NOP
00002F	9518	RETI
000030	0000	NOP
000031	9518	RETI
000032	0000	NOP
000033	9518	RETI


000034	0000	NOP
		BASPROGRAMSTART
000035	E058	LDI SYSVALUECOPY,HIGH(RAMEND)
000036	BF5E	OUT SPH, SYSVALUECOPY
000037	EF5F	LDI SYSVALUECOPY,LOW(RAMEND)
000038	BF5D	OUT SPL, SYSVALUECOPY
000039	D03B	RCALL INITSYS
00003A	D041	RCALL INIT_MULTITASK
00003B	D032	RCALL INITRANDOM
00003C	2755	CLR SYSVALUECOPY
00003D	9350 0129	STS SYSINTOFFCOUNT,SYSVALUECOPY
00003F	9478	SEI
000040	9A24	SBI DDRB,4
000041	9A23	SBI DDRB,3
000042	9A21	SBI DDRB,1

000043	E051	LDI SYSVALUECOPY,1
000044	9350 010B	STS CONT_TASK1,SYSVALUECOPY
		SYSDOLOOP_S1
000046	D180	RCALL FN_RANDOM
000047	9160 0114	LDS SYSBYTETEMPA,RANDOM
000049	E0C5	LDI SYSBYTETEMPB,5
00004A	D1CC	RCALL SYSDIVSUB
00004B	9360 010D	STS DUTY1,SYSBYTETEMPA
00004D	D179	RCALL FN_RANDOM
00004E	9160 0114	LDS SYSBYTETEMPA,RANDOM
000050	E0C5	LDI SYSBYTETEMPB,5
000051	D1C5	RCALL SYSDIVSUB
000052	9360 010E	STS DUTY2,SYSBYTETEMPA
000054	D172	RCALL FN_RANDOM
000055	9160 0114	LDS SYSBYTETEMPA,RANDOM
000057	E0C5	LDI SYSBYTETEMPB,5
000058	D1BE	RCALL SYSDIVSUB
000059	9360 010F	STS DUTY3,SYSBYTETEMPA
00005B	E2DC	LDI SYSWAITTEMPMS,44
00005C	E0E1	LDI SYSWAITTEMPMS_H,1
00005D	D004	RCALL DELAY_MS
00005E	CFE7	RJMP SYSDOLOOP_S1
		SYSDOLOOP_E1
00005F	D01C	RCALL INIT_MULTITASK
		BASPROGRAMEND
000060	9588	SLEEP
000061	CFFE	RJMP BASPROGRAMEND


		DELAY_MS
000062	95E3	INC SYSWAITTEMPMS_H
		DMS_START
000063	EFAE	LDI DELAYTEMP2,254
		DMS_OUTER
000064	E194	LDI DELAYTEMP,20
		DMS_INNER
000065	959A	DEC DELAYTEMP
000066	F7F1	BRNE DMS_INNER
000067	95AA	DEC DELAYTEMP2
000068	F7D9	BRNE DMS_OUTER
000069	95DA	DEC SYSWAITTEMPMS
00006A	F7C1	BRNE DMS_START
00006B	95EA	DEC SYSWAITTEMPMS_H
00006C	F7B1	BRNE DMS_START
00006D	9508	RET


		INITRANDOM
00006E	E459	LDI SYSVALUECOPY,73
00006F	9350 0115	STS RANDOMSEED,SYSVALUECOPY
000071	EC51	LDI SYSVALUECOPY,193
000072	9350 0116	STS RANDOMSEED_H,SYSVALUECOPY
000074	9508	RET


		INITSYS
000075	E050	LDI SYSVALUECOPY,0
000076	B955	OUT PORTB,SYSVALUECOPY
000077	E050	LDI SYSVALUECOPY,0
000078	B958	OUT PORTC,SYSVALUECOPY
000079	E050	LDI SYSVALUECOPY,0
00007A	B95B	OUT PORTD,SYSVALUECOPY
00007B	9508	RET


		INIT_MULTITASK
00007C	E352	LDI SYSVALUECOPY,50
00007D	BD57	OUT OCR0A,SYSVALUECOPY
00007E	E052	LDI SYSVALUECOPY,2
00007F	BD54	OUT TCCR0A,SYSVALUECOPY
000080	E053	LDI SYSVALUECOPY,3
000081	BD55	OUT TCCR0B,SYSVALUECOPY
000082	9150 006E	LDS SYSVALUECOPY,TIMSK0
000084	6052	SBR SYSVALUECOPY,1<<OCIE0A
000085	9350 006E	STS TIMSK0,SYSVALUECOPY
000087	E051	LDI SYSVALUECOPY,1
000088	9350 012E	STS TIME_TASK1,SYSVALUECOPY
00008A	C000	RJMP INIT_REST_OF_TASKS


		INIT_REST_OF_TASKS
00008B	E051	LDI SYSVALUECOPY,1
00008C	9350 012F	STS TIME_TASK2,SYSVALUECOPY
00008E	EF5A	LDI SYSVALUECOPY,250
00008F	9350 012C	STS TIME_LTASK5,SYSVALUECOPY
000091	E050	LDI SYSVALUECOPY,0
000092	9350 012D	STS TIME_LTASK5_H,SYSVALUECOPY
000094	9508	RET


		INTERR_TIMER0
000095	9010 010B	LDS SYSTEMP1,CONT_TASK1
000097	9413	INC SYSTEMP1
000098	9210 010B	STS CONT_TASK1,SYSTEMP1
00009A	9160 010B	LDS SYSCALCTEMPA,CONT_TASK1
00009C	91C0 012E	LDS SYSCALCTEMPB,TIME_TASK1
00009E	176C	CP SYSCALCTEMPA,SYSCALCTEMPB
00009F	F408	BRSH PC + 2
0000A0	C06B	RJMP ENDIF1
0000A1	E050	LDI SYSVALUECOPY,0
0000A2	9350 010B	STS CONT_TASK1,SYSVALUECOPY
0000A4	9010 0112	LDS SYSTEMP1,PWMCONT
0000A6	9413	INC SYSTEMP1
0000A7	9210 0112	STS PWMCONT,SYSTEMP1
0000A9	E362	LDI SYSCALCTEMPA,50
0000AA	91C0 0112	LDS SYSCALCTEMPB,PWMCONT
0000AC	176C	CP SYSCALCTEMPA,SYSCALCTEMPB
0000AD	F418	BRSH ENDIF4
0000AE	E050	LDI SYSVALUECOPY,0
0000AF	9350 0112	STS PWMCONT,SYSVALUECOPY
		ENDIF4
0000B1	EF5F	LDI SYSVALUECOPY,255
0000B2	9350 011A	STS REGSER1,SYSVALUECOPY
0000B4	9160 0112	LDS SYSCALCTEMPA,PWMCONT
0000B6	91C0 0100	LDS SYSCALCTEMPB,SYS_PWMDUTY1_0
0000B8	176C	CP SYSCALCTEMPA,SYSCALCTEMPB
0000B9	F428	BRSH ENDIF5
0000BA	9150 011A	LDS SYSVALUECOPY,REGSER1
0000BC	7F5E	CBR SYSVALUECOPY,1<<0
0000BD	9350 011A	STS REGSER1,SYSVALUECOPY
		ENDIF5
0000BF	9160 0112	LDS SYSCALCTEMPA,PWMCONT
0000C1	91C0 0101	LDS SYSCALCTEMPB,SYS_PWMDUTY1_1
0000C3	176C	CP SYSCALCTEMPA,SYSCALCTEMPB
0000C4	F428	BRSH ENDIF6
0000C5	9150 011A	LDS SYSVALUECOPY,REGSER1
0000C7	7F5D	CBR SYSVALUECOPY,1<<1
0000C8	9350 011A	STS REGSER1,SYSVALUECOPY
		ENDIF6
0000CA	9160 0112	LDS SYSCALCTEMPA,PWMCONT
0000CC	91C0 0102	LDS SYSCALCTEMPB,SYS_PWMDUTY1_2
0000CE	176C	CP SYSCALCTEMPA,SYSCALCTEMPB
0000CF	F428	BRSH ENDIF7
0000D0	9150 011A	LDS SYSVALUECOPY,REGSER1
0000D2	7F5B	CBR SYSVALUECOPY,1<<2
0000D3	9350 011A	STS REGSER1,SYSVALUECOPY
		ENDIF7
0000D5	9160 0112	LDS SYSCALCTEMPA,PWMCONT
0000D7	91C0 0103	LDS SYSCALCTEMPB,SYS_PWMDUTY1_3
0000D9	176C	CP SYSCALCTEMPA,SYSCALCTEMPB
0000DA	F428	BRSH ENDIF8
0000DB	9150 011A	LDS SYSVALUECOPY,REGSER1
0000DD	7F57	CBR SYSVALUECOPY,1<<3
0000DE	9350 011A	STS REGSER1,SYSVALUECOPY
		ENDIF8
0000E0	9160 0112	LDS SYSCALCTEMPA,PWMCONT
0000E2	91C0 0104	LDS SYSCALCTEMPB,SYS_PWMDUTY1_4
0000E4	176C	CP SYSCALCTEMPA,SYSCALCTEMPB
0000E5	F428	BRSH ENDIF9
0000E6	9150 011A	LDS SYSVALUECOPY,REGSER1
0000E8	7E5F	CBR SYSVALUECOPY,1<<4
0000E9	9350 011A	STS REGSER1,SYSVALUECOPY
		ENDIF9
0000EB	9160 0112	LDS SYSCALCTEMPA,PWMCONT
0000ED	91C0 0105	LDS SYSCALCTEMPB,SYS_PWMDUTY1_5
0000EF	176C	CP SYSCALCTEMPA,SYSCALCTEMPB
0000F0	F428	BRSH ENDIF10
0000F1	9150 011A	LDS SYSVALUECOPY,REGSER1
0000F3	7D5F	CBR SYSVALUECOPY,1<<5
0000F4	9350 011A	STS REGSER1,SYSVALUECOPY
		ENDIF10
0000F6	9160 0112	LDS SYSCALCTEMPA,PWMCONT
0000F8	91C0 0106	LDS SYSCALCTEMPB,SYS_PWMDUTY1_6
0000FA	176C	CP SYSCALCTEMPA,SYSCALCTEMPB
0000FB	F428	BRSH ENDIF11
0000FC	9150 011A	LDS SYSVALUECOPY,REGSER1
0000FE	7B5F	CBR SYSVALUECOPY,1<<6
0000FF	9350 011A	STS REGSER1,SYSVALUECOPY
		ENDIF11
000101	9160 0112	LDS SYSCALCTEMPA,PWMCONT
000103	91C0 0107	LDS SYSCALCTEMPB,SYS_PWMDUTY1_7
000105	176C	CP SYSCALCTEMPA,SYSCALCTEMPB
000106	F428	BRSH ENDIF12
000107	9150 011A	LDS SYSVALUECOPY,REGSER1
000109	775F	CBR SYSVALUECOPY,1<<7
00010A	9350 011A	STS REGSER1,SYSVALUECOPY
		ENDIF12
		ENDIF1
00010C	9010 010C	LDS SYSTEMP1,CONT_TASK2
00010E	9413	INC SYSTEMP1
00010F	9210 010C	STS CONT_TASK2,SYSTEMP1
000111	9160 010C	LDS SYSCALCTEMPA,CONT_TASK2
000113	91C0 012F	LDS SYSCALCTEMPB,TIME_TASK2
000115	176C	CP SYSCALCTEMPA,SYSCALCTEMPB
000116	F1E8	BRLO ENDIF2
000117	E050	LDI SYSVALUECOPY,0
000118	9350 010C	STS CONT_TASK2,SYSVALUECOPY
00011A	982B	CBI PORTB,3
00011B	982C	CBI PORTB,4
00011C	9829	CBI PORTB,1
00011D	9050 011A	LDS SYSBITTEST,REGSER1
00011F	FC50	SBRC SYSBITTEST,0
000120	9A29	SBI PORTB,1
000121	9A2C	SBI PORTB,4
000122	982C	CBI PORTB,4
000123	9829	CBI PORTB,1
000124	9050 011A	LDS SYSBITTEST,REGSER1
000126	FC51	SBRC SYSBITTEST,1
000127	9A29	SBI PORTB,1
000128	9A2C	SBI PORTB,4
000129	982C	CBI PORTB,4
00012A	9829	CBI PORTB,1
00012B	9050 011A	LDS SYSBITTEST,REGSER1
00012D	FC52	SBRC SYSBITTEST,2
00012E	9A29	SBI PORTB,1
00012F	9A2C	SBI PORTB,4
000130	982C	CBI PORTB,4
000131	9829	CBI PORTB,1
000132	9050 011A	LDS SYSBITTEST,REGSER1
000134	FC53	SBRC SYSBITTEST,3
000135	9A29	SBI PORTB,1
000136	9A2C	SBI PORTB,4
000137	982C	CBI PORTB,4
000138	9829	CBI PORTB,1
000139	9050 011A	LDS SYSBITTEST,REGSER1
00013B	FC54	SBRC SYSBITTEST,4
00013C	9A29	SBI PORTB,1
00013D	9A2C	SBI PORTB,4
00013E	982C	CBI PORTB,4
00013F	9829	CBI PORTB,1
000140	9050 011A	LDS SYSBITTEST,REGSER1
000142	FC55	SBRC SYSBITTEST,5
000143	9A29	SBI PORTB,1
000144	9A2C	SBI PORTB,4
000145	982C	CBI PORTB,4
000146	9829	CBI PORTB,1
000147	9050 011A	LDS SYSBITTEST,REGSER1
000149	FC56	SBRC SYSBITTEST,6
00014A	9A29	SBI PORTB,1
00014B	9A2C	SBI PORTB,4
00014C	982C	CBI PORTB,4
00014D	9829	CBI PORTB,1
00014E	9050 011A	LDS SYSBITTEST,REGSER1
000150	FC57	SBRC SYSBITTEST,7
000151	9A29	SBI PORTB,1
000152	9A2C	SBI PORTB,4
000153	9A2B	SBI PORTB,3
		ENDIF2
000154	9010 0109	LDS SYSTEMP1,CONT_LTASK5
000156	9413	INC SYSTEMP1
000157	9210 0109	STS CONT_LTASK5,SYSTEMP1
000159	9010 010A	LDS SYSTEMP1,CONT_LTASK5_H
00015B	F409	BRNE PC + 2
00015C	9413	INC SYSTEMP1
00015D	9210 010A	STS CONT_LTASK5_H,SYSTEMP1
00015F	9160 0109	LDS SYSWORDTEMPA,CONT_LTASK5
000161	9170 010A	LDS SYSWORDTEMPA_H,CONT_LTASK5_H
000163	91C0 012C	LDS SYSWORDTEMPB,TIME_LTASK5
000165	91D0 012D	LDS SYSWORDTEMPB_H,TIME_LTASK5_H
000167	D0A5	RCALL SYSCOMPLESSTHAN16
000168	9400	COM SYSBYTETEMPX
000169	FE00	SBRS SYSBYTETEMPX,0
00016A	C057	RJMP ENDIF3
00016B	E050	LDI SYSVALUECOPY,0
00016C	9350 0109	STS CONT_LTASK5,SYSVALUECOPY
00016E	9350 010A	STS CONT_LTASK5_H,SYSVALUECOPY
000170	E058	LDI SYSVALUECOPY,8
000171	9350 0110	STS OUTBIT,SYSVALUECOPY
		SYSFORLOOP1
000173	9010 0110	LDS SYSTEMP1,OUTBIT
000175	941A	DEC SYSTEMP1
000176	9210 0110	STS OUTBIT,SYSTEMP1
000178	941A	DEC SYSTEMP1
000179	9210 0111	STS PREOUTBIT,SYSTEMP1
00017B	E000	LDI SYSTEMP2,LOW(_PWMDUTY1)
00017C	0E10	ADD SYSTEMP1,SYSTEMP2
00017D	2DA1	MOV SYSSTRINGA,SYSTEMP1
00017E	E000	LDI SYSTEMP2,0
00017F	E021	LDI SYSTEMP3,HIGH(_PWMDUTY1)
000180	1F02	ADC SYSTEMP2,SYSTEMP3
000181	2FB0	MOV SYSSTRINGA_H,SYSTEMP2
000182	915C	LD SYSVALUECOPY,X
000183	9350 0128	STS SYSARRAYTEMP2,SYSVALUECOPY
000185	9350 0127	STS SYSARRAYTEMP1,SYSVALUECOPY
000187	9010 0110	LDS SYSTEMP1,OUTBIT
000189	E000	LDI SYSTEMP2,LOW(_PWMDUTY1)
00018A	0E10	ADD SYSTEMP1,SYSTEMP2
00018B	2DA1	MOV SYSSTRINGA,SYSTEMP1
00018C	E000	LDI SYSTEMP2,0
00018D	E021	LDI SYSTEMP3,HIGH(_PWMDUTY1)
00018E	1F02	ADC SYSTEMP2,SYSTEMP3
00018F	2FB0	MOV SYSSTRINGA_H,SYSTEMP2
000190	9150 0127	LDS SYSVALUECOPY,SYSARRAYTEMP1
000192	935C	ST X,SYSVALUECOPY
000193	E061	LDI SYSCALCTEMPA,1
000194	91C0 0110	LDS SYSCALCTEMPB,OUTBIT
000196	176C	CP SYSCALCTEMPA,SYSCALCTEMPB
000197	F2D8	BRLO SYSFORLOOP1
		SYSFORLOOPEND1
000198	9150 0100	LDS SYSVALUECOPY,SYS_PWMDUTY1_0
00019A	9350 0113	STS PWMDUTY1,SYSVALUECOPY
00019C	9160 0113	LDS SYSCALCTEMPA,PWMDUTY1
00019E	91C0 010D	LDS SYSCALCTEMPB,DUTY1
0001A0	176C	CP SYSCALCTEMPA,SYSCALCTEMPB
0001A1	F468	BRSH ENDIF14
0001A2	9100 010D	LDS SYSTEMP2,DUTY1
0001A4	9120 0113	LDS SYSTEMP3,PWMDUTY1
0001A6	1B02	SUB SYSTEMP2,SYSTEMP3
0001A7	2E10	MOV SYSTEMP1,SYSTEMP2
0001A8	2D21	MOV SYSTEMP3,SYSTEMP1
0001A9	9526	LSR SYSTEMP3
0001AA	9010 0113	LDS SYSTEMP1,PWMDUTY1
0001AC	0E12	ADD SYSTEMP1,SYSTEMP3
0001AD	9210 0100	STS SYS_PWMDUTY1_0,SYSTEMP1
		ENDIF14
0001AF	9160 010D	LDS SYSCALCTEMPA,DUTY1
0001B1	91C0 0113	LDS SYSCALCTEMPB,PWMDUTY1
0001B3	176C	CP SYSCALCTEMPA,SYSCALCTEMPB
0001B4	F468	BRSH ENDIF15
0001B5	9100 0113	LDS SYSTEMP2,PWMDUTY1
0001B7	9120 010D	LDS SYSTEMP3,DUTY1
0001B9	1B02	SUB SYSTEMP2,SYSTEMP3
0001BA	2E10	MOV SYSTEMP1,SYSTEMP2
0001BB	2D21	MOV SYSTEMP3,SYSTEMP1
0001BC	9526	LSR SYSTEMP3
0001BD	9010 0113	LDS SYSTEMP1,PWMDUTY1
0001BF	1A12	SUB SYSTEMP1,SYSTEMP3
0001C0	9210 0100	STS SYS_PWMDUTY1_0,SYSTEMP1
		ENDIF15
		ENDIF3
0001C2	9508	RET


		INTTIMER0_COMPA
0001C3	D07D	RCALL SYSINTCONTEXTSAVE
0001C4	DED0	RCALL INTERR_TIMER0
0001C5	98A9	CBI TIFR0,OCF0A
0001C6	C05D	RJMP SYSINTCONTEXTRESTORE


		FN_RANDOM
0001C7	E057	LDI SYSVALUECOPY,7
0001C8	9350 012B	STS SYSREPEATTEMP1,SYSVALUECOPY
		SYSREPEATLOOP1
0001CA	9150 0115	LDS SYSVALUECOPY,RANDOMSEED
0001CC	9350 0118	STS RANDOMTEMP,SYSVALUECOPY
0001CE	9150 0116	LDS SYSVALUECOPY,RANDOMSEED_H
0001D0	9350 0119	STS RANDOMTEMP_H,SYSVALUECOPY
0001D2	9160 0118	LDS SYSWORDTEMPA,RANDOMTEMP
0001D4	9170 0119	LDS SYSWORDTEMPA_H,RANDOMTEMP_H
0001D6	9488	CLC
0001D7	FD77	SBRC SYSWORDTEMPA_H,7
0001D8	9408	SEC
0001D9	1F66	ROL SYSWORDTEMPA
0001DA	1F77	ROL SYSWORDTEMPA_H
0001DB	9360 0118	STS RANDOMTEMP,SYSWORDTEMPA
0001DD	9370 0119	STS RANDOMTEMP_H,SYSWORDTEMPA_H
0001DF	E001	LDI SYSTEMP2,1
0001E0	9120 0115	LDS SYSTEMP3,RANDOMSEED
0001E2	2320	AND SYSTEMP3,SYSTEMP2
0001E3	2E12	MOV SYSTEMP1,SYSTEMP3
0001E4	E050	LDI SYSVALUECOPY,0
0001E5	2E25	MOV SYSTEMP1_H,SYSVALUECOPY
0001E6	9410	COM SYSTEMP1
0001E7	2D01	MOV SYSTEMP2,SYSTEMP1
0001E8	9420	COM SYSTEMP1_H
0001E9	2D12	MOV SYSTEMP2_H,SYSTEMP1_H
0001EA	E021	LDI SYSTEMP3,1
0001EB	0F02	ADD SYSTEMP2,SYSTEMP3
0001EC	2E10	MOV SYSTEMP1,SYSTEMP2
0001ED	E020	LDI SYSTEMP3,0
0001EE	1F12	ADC SYSTEMP2_H,SYSTEMP3
0001EF	2E21	MOV SYSTEMP1_H,SYSTEMP2_H
0001F0	E000	LDI SYSTEMP2,0
0001F1	EB24	LDI SYSTEMP3,180
0001F2	2222	AND SYSTEMP1_H,SYSTEMP3
0001F3	2D12	MOV SYSTEMP2_H,SYSTEMP1_H
0001F4	9010 0118	LDS SYSTEMP1,RANDOMTEMP
0001F6	2501	EOR SYSTEMP2,SYSTEMP1
0001F7	9300 0115	STS RANDOMSEED,SYSTEMP2
0001F9	9010 0119	LDS SYSTEMP1,RANDOMTEMP_H
0001FB	2511	EOR SYSTEMP2_H,SYSTEMP1
0001FC	9310 0116	STS RANDOMSEED_H,SYSTEMP2_H
0001FE	9010 0114	LDS SYSTEMP1,RANDOM
000200	9120 0116	LDS SYSTEMP3,RANDOMSEED_H
000202	2521	EOR SYSTEMP3,SYSTEMP1
000203	9320 0114	STS RANDOM,SYSTEMP3
000205	9010 012B	LDS SYSTEMP1,SYSREPEATTEMP1
000207	941A	DEC SYSTEMP1
000208	9210 012B	STS SYSREPEATTEMP1,SYSTEMP1
00020A	F009	BREQ PC + 2
00020B	CFBE	RJMP SYSREPEATLOOP1
		SYSREPEATLOOPEND1
00020C	9508	RET


		SYSCOMPLESSTHAN16
00020D	2400	CLR SYSBYTETEMPX
00020E	17D7	CP SYSWORDTEMPB_H,SYSWORDTEMPA_H
00020F	F030	BRLO SCLT16FALSE
000210	177D	CP SYSWORDTEMPA_H,SYSWORDTEMPB_H
000211	F018	BRLO SCLT16TRUE
000212	176C	CP SYSWORDTEMPA,SYSWORDTEMPB
000213	F008	BRLO SCLT16TRUE
000214	9508	RET
		SCLT16TRUE
000215	9400	COM SYSBYTETEMPX
		SCLT16FALSE
000216	9508	RET


		SYSDIVSUB
000217	2400	CLR SYSBYTETEMPX
000218	E058	LDI SYSVALUECOPY,8
000219	2E55	MOV SYSDIVLOOP,SYSVALUECOPY
		SYSDIV8START
00021A	0F66	LSL SYSBYTETEMPA
00021B	1C00	ROL SYSBYTETEMPX
00021C	1A0C	SUB SYSBYTETEMPX,SYSBYTETEMPB
00021D	6061	SBR SYSBYTETEMPA,1
00021E	F410	BRSH DIV8NOTNEG
00021F	7F6E	CBR SYSBYTETEMPA,1
000220	0E0C	ADD SYSBYTETEMPX,SYSBYTETEMPB
		DIV8NOTNEG
000221	945A	DEC SYSDIVLOOP
000222	F7B9	BRNE SYSDIV8START
000223	9508	RET


		SYSINTCONTEXTRESTORE
000224	2755	CLR SYSVALUECOPY
000225	9350 0129	STS SYSINTOFFCOUNT,SYSVALUECOPY
000227	9010 0121	LDS SYSTEMP1,SAVESYSTEMP1
000229	9160 011D	LDS SYSCALCTEMPA,SAVESYSCALCTEMPA
00022B	91C0 011E	LDS SYSCALCTEMPB,SAVESYSCALCTEMPB
00022D	9170 0125	LDS SYSWORDTEMPA_H,SAVESYSWORDTEMPA_H
00022F	91D0 0126	LDS SYSWORDTEMPB_H,SAVESYSWORDTEMPB_H
000231	9000 011C	LDS SYSBYTETEMPX,SAVESYSBYTETEMPX
000233	9100 0122	LDS SYSTEMP2,SAVESYSTEMP2
000235	91A0 011F	LDS SYSSTRINGA,SAVESYSSTRINGA
000237	9120 0123	LDS SYSTEMP3,SAVESYSTEMP3
000239	91B0 0120	LDS SYSSTRINGA_H,SAVESYSSTRINGA_H
00023B	9150 011B	LDS SYSVALUECOPY,SAVESREG
00023D	BF5F	OUT SREG,SYSVALUECOPY
00023E	9150 0124	LDS SYSVALUECOPY,SAVESYSVALUECOPY
000240	9518	RETI


		SYSINTCONTEXTSAVE
000241	9350 0124	STS SAVESYSVALUECOPY,SYSVALUECOPY
000243	B75F	IN SYSVALUECOPY,SREG
000244	9350 011B	STS SAVESREG,SYSVALUECOPY
000246	9210 0121	STS SAVESYSTEMP1,SYSTEMP1
000248	9360 011D	STS SAVESYSCALCTEMPA,SYSCALCTEMPA
00024A	93C0 011E	STS SAVESYSCALCTEMPB,SYSCALCTEMPB
00024C	9370 0125	STS SAVESYSWORDTEMPA_H,SYSWORDTEMPA_H
00024E	93D0 0126	STS SAVESYSWORDTEMPB_H,SYSWORDTEMPB_H
000250	9200 011C	STS SAVESYSBYTETEMPX,SYSBYTETEMPX
000252	9300 0122	STS SAVESYSTEMP2,SYSTEMP2
000254	93A0 011F	STS SAVESYSSTRINGA,SYSSTRINGA
000256	9320 0123	STS SAVESYSTEMP3,SYSTEMP3
000258	93B0 0120	STS SAVESYSSTRINGA_H,SYSSTRINGA_H
00025A	E051	LDI SYSVALUECOPY,1
00025B	9350 0129	STS SYSINTOFFCOUNT,SYSVALUECOPY
00025D	9508	RET


